This file contains any messages produced by compilers while
running configure, to aid debugging if configure makes a mistake.

It was created by libmpsse configure 1.3, which was
generated by GNU Autoconf 2.65.  Invocation command line was

  $ ./configure 

## --------- ##
## Platform. ##
## --------- ##

hostname = ssemGentoo
uname -m = x86_64
uname -r = 4.0.5-gentoo
uname -s = Linux
uname -v = #1 SMP Wed Jul 1 10:07:25 EDT 2015

/usr/bin/uname -p = Intel(R) Core(TM) i7-3615QM CPU @ 2.30GHz
/bin/uname -X     = unknown

/bin/arch              = unknown
/usr/bin/arch -k       = unknown
/usr/convex/getsysinfo = unknown
/usr/bin/hostinfo      = unknown
/bin/machine           = unknown
/usr/bin/oslevel       = unknown
/bin/universe          = unknown

PATH: /usr/local/bin
PATH: /usr/bin
PATH: /bin
PATH: /opt/bin
PATH: /usr/x86_64-pc-linux-gnu/gcc-bin/4.8.4
PATH: /usr/x86_64-pc-linux-gnu/avr/gcc-bin/4.8.2
PATH: /usr/local/sbin/
PATH: /usr/sbin
PATH: /usr/local/git-it/bin
PATH: /usr/local/sbin/
PATH: /usr/sbin
PATH: /usr/local/git-it/bin


## ----------- ##
## Core tests. ##
## ----------- ##

configure:2123: checking for gcc
configure:2139: found /usr/bin/gcc
configure:2150: result: gcc
configure:2379: checking for C compiler version
configure:2388: gcc --version >&5
gcc (Gentoo 4.8.4 p1.6, pie-0.6.1) 4.8.4
Copyright (C) 2013 Free Software Foundation, Inc.
This is free software; see the source for copying conditions.  There is NO
warranty; not even for MERCHANTABILITY or FITNESS FOR A PARTICULAR PURPOSE.

configure:2399: $? = 0
configure:2388: gcc -v >&5
Using built-in specs.
COLLECT_GCC=/usr/x86_64-pc-linux-gnu/gcc-bin/4.8.4/gcc
COLLECT_LTO_WRAPPER=/usr/libexec/gcc/x86_64-pc-linux-gnu/4.8.4/lto-wrapper
Target: x86_64-pc-linux-gnu
Configured with: /var/tmp/portage/sys-devel/gcc-4.8.4/work/gcc-4.8.4/configure --host=x86_64-pc-linux-gnu --build=x86_64-pc-linux-gnu --prefix=/usr --bindir=/usr/x86_64-pc-linux-gnu/gcc-bin/4.8.4 --includedir=/usr/lib/gcc/x86_64-pc-linux-gnu/4.8.4/include --datadir=/usr/share/gcc-data/x86_64-pc-linux-gnu/4.8.4 --mandir=/usr/share/gcc-data/x86_64-pc-linux-gnu/4.8.4/man --infodir=/usr/share/gcc-data/x86_64-pc-linux-gnu/4.8.4/info --with-gxx-include-dir=/usr/lib/gcc/x86_64-pc-linux-gnu/4.8.4/include/g++-v4 --with-python-dir=/share/gcc-data/x86_64-pc-linux-gnu/4.8.4/python --enable-languages=c,c++,fortran --enable-obsolete --enable-secureplt --disable-werror --with-system-zlib --enable-nls --without-included-gettext --enable-checking=release --with-bugurl=https://bugs.gentoo.org/ --with-pkgversion='Gentoo 4.8.4 p1.6, pie-0.6.1' --enable-libstdcxx-time --enable-shared --enable-threads=posix --enable-__cxa_atexit --enable-clocale=gnu --enable-multilib --with-multilib-list=m32,m64 --disable-altivec --disable-fixed-point --enable-targets=all --disable-libgcj --enable-libgomp --disable-libmudflap --disable-libssp --enable-lto --without-cloog --enable-libsanitizer
Thread model: posix
gcc version 4.8.4 (Gentoo 4.8.4 p1.6, pie-0.6.1) 
configure:2399: $? = 0
configure:2388: gcc -V >&5
gcc: error: unrecognized command line option '-V'
gcc: fatal error: no input files
compilation terminated.
configure:2399: $? = 1
configure:2388: gcc -qversion >&5
gcc: error: unrecognized command line option '-qversion'
gcc: fatal error: no input files
compilation terminated.
configure:2399: $? = 1
configure:2419: checking whether the C compiler works
configure:2441: gcc    conftest.c  >&5
configure:2445: $? = 0
configure:2494: result: yes
configure:2497: checking for C compiler default output file name
configure:2499: result: a.out
configure:2505: checking for suffix of executables
configure:2512: gcc -o conftest    conftest.c  >&5
configure:2516: $? = 0
configure:2538: result: 
configure:2560: checking whether we are cross compiling
configure:2568: gcc -o conftest    conftest.c  >&5
configure:2572: $? = 0
configure:2579: ./conftest
configure:2583: $? = 0
configure:2598: result: no
configure:2603: checking for suffix of object files
configure:2625: gcc -c   conftest.c >&5
configure:2629: $? = 0
configure:2650: result: o
configure:2654: checking whether we are using the GNU C compiler
configure:2673: gcc -c   conftest.c >&5
configure:2673: $? = 0
configure:2682: result: yes
configure:2691: checking whether gcc accepts -g
configure:2711: gcc -c -g  conftest.c >&5
configure:2711: $? = 0
configure:2752: result: yes
configure:2769: checking for gcc option to accept ISO C89
configure:2833: gcc  -c -g -O2  conftest.c >&5
configure:2833: $? = 0
configure:2846: result: none needed
configure:2879: checking how to run the C preprocessor
configure:2910: gcc -E  conftest.c
configure:2910: $? = 0
configure:2924: gcc -E  conftest.c
conftest.c:9:28: fatal error: ac_nonexistent.h: No such file or directory
 #include <ac_nonexistent.h>
                            ^
compilation terminated.
configure:2924: $? = 1
configure: failed program was:
| /* confdefs.h */
| #define PACKAGE_NAME "libmpsse"
| #define PACKAGE_TARNAME "libmpsse"
| #define PACKAGE_VERSION "1.3"
| #define PACKAGE_STRING "libmpsse 1.3"
| #define PACKAGE_BUGREPORT "http://libmpsse.googlecode.com"
| #define PACKAGE_URL ""
| /* end confdefs.h.  */
| #include <ac_nonexistent.h>
configure:2949: result: gcc -E
configure:2969: gcc -E  conftest.c
configure:2969: $? = 0
configure:2983: gcc -E  conftest.c
conftest.c:9:28: fatal error: ac_nonexistent.h: No such file or directory
 #include <ac_nonexistent.h>
                            ^
compilation terminated.
configure:2983: $? = 1
configure: failed program was:
| /* confdefs.h */
| #define PACKAGE_NAME "libmpsse"
| #define PACKAGE_TARNAME "libmpsse"
| #define PACKAGE_VERSION "1.3"
| #define PACKAGE_STRING "libmpsse 1.3"
| #define PACKAGE_BUGREPORT "http://libmpsse.googlecode.com"
| #define PACKAGE_URL ""
| /* end confdefs.h.  */
| #include <ac_nonexistent.h>
configure:3012: checking for grep that handles long lines and -e
configure:3070: result: /bin/grep
configure:3075: checking for egrep
configure:3137: result: /bin/grep -E
configure:3142: checking for ANSI C header files
configure:3162: gcc -c -g -O2  conftest.c >&5
configure:3162: $? = 0
configure:3235: gcc -o conftest -g -O2   conftest.c  >&5
configure:3235: $? = 0
configure:3235: ./conftest
configure:3235: $? = 0
configure:3246: result: yes
configure:3259: checking for sys/types.h
configure:3259: gcc -c -g -O2  conftest.c >&5
configure:3259: $? = 0
configure:3259: result: yes
configure:3259: checking for sys/stat.h
configure:3259: gcc -c -g -O2  conftest.c >&5
configure:3259: $? = 0
configure:3259: result: yes
configure:3259: checking for stdlib.h
configure:3259: gcc -c -g -O2  conftest.c >&5
configure:3259: $? = 0
configure:3259: result: yes
configure:3259: checking for string.h
configure:3259: gcc -c -g -O2  conftest.c >&5
configure:3259: $? = 0
configure:3259: result: yes
configure:3259: checking for memory.h
configure:3259: gcc -c -g -O2  conftest.c >&5
configure:3259: $? = 0
configure:3259: result: yes
configure:3259: checking for strings.h
configure:3259: gcc -c -g -O2  conftest.c >&5
configure:3259: $? = 0
configure:3259: result: yes
configure:3259: checking for inttypes.h
configure:3259: gcc -c -g -O2  conftest.c >&5
configure:3259: $? = 0
configure:3259: result: yes
configure:3259: checking for stdint.h
configure:3259: gcc -c -g -O2  conftest.c >&5
configure:3259: $? = 0
configure:3259: result: yes
configure:3259: checking for unistd.h
configure:3259: gcc -c -g -O2  conftest.c >&5
configure:3259: $? = 0
configure:3259: result: yes
configure:3272: checking for size_t
configure:3272: gcc -c -g -O2  conftest.c >&5
configure:3272: $? = 0
configure:3272: gcc -c -g -O2  conftest.c >&5
conftest.c: In function 'main':
conftest.c:55:21: error: expected expression before ')' token
 if (sizeof ((size_t)))
                     ^
configure:3272: $? = 1
configure: failed program was:
| /* confdefs.h */
| #define PACKAGE_NAME "libmpsse"
| #define PACKAGE_TARNAME "libmpsse"
| #define PACKAGE_VERSION "1.3"
| #define PACKAGE_STRING "libmpsse 1.3"
| #define PACKAGE_BUGREPORT "http://libmpsse.googlecode.com"
| #define PACKAGE_URL ""
| #define STDC_HEADERS 1
| #define HAVE_SYS_TYPES_H 1
| #define HAVE_SYS_STAT_H 1
| #define HAVE_STDLIB_H 1
| #define HAVE_STRING_H 1
| #define HAVE_MEMORY_H 1
| #define HAVE_STRINGS_H 1
| #define HAVE_INTTYPES_H 1
| #define HAVE_STDINT_H 1
| #define HAVE_UNISTD_H 1
| /* end confdefs.h.  */
| #include <stdio.h>
| #ifdef HAVE_SYS_TYPES_H
| # include <sys/types.h>
| #endif
| #ifdef HAVE_SYS_STAT_H
| # include <sys/stat.h>
| #endif
| #ifdef STDC_HEADERS
| # include <stdlib.h>
| # include <stddef.h>
| #else
| # ifdef HAVE_STDLIB_H
| #  include <stdlib.h>
| # endif
| #endif
| #ifdef HAVE_STRING_H
| # if !defined STDC_HEADERS && defined HAVE_MEMORY_H
| #  include <memory.h>
| # endif
| # include <string.h>
| #endif
| #ifdef HAVE_STRINGS_H
| # include <strings.h>
| #endif
| #ifdef HAVE_INTTYPES_H
| # include <inttypes.h>
| #endif
| #ifdef HAVE_STDINT_H
| # include <stdint.h>
| #endif
| #ifdef HAVE_UNISTD_H
| # include <unistd.h>
| #endif
| int
| main ()
| {
| if (sizeof ((size_t)))
| 	    return 0;
|   ;
|   return 0;
| }
configure:3272: result: yes
configure:3285: checking for stdlib.h
configure:3285: result: yes
configure:3295: checking for GNU libc compatible malloc
configure:3319: gcc -o conftest -g -O2   conftest.c  >&5
configure:3319: $? = 0
configure:3319: ./conftest
configure:3319: $? = 0
configure:3329: result: yes
configure:3355: checking libftdi1/ftdi.h usability
configure:3355: gcc -c -Wall -fPIC -fno-strict-aliasing -g -O2  conftest.c >&5
conftest.c:54:27: fatal error: libftdi1/ftdi.h: No such file or directory
 #include <libftdi1/ftdi.h>
                           ^
compilation terminated.
configure:3355: $? = 1
configure: failed program was:
| /* confdefs.h */
| #define PACKAGE_NAME "libmpsse"
| #define PACKAGE_TARNAME "libmpsse"
| #define PACKAGE_VERSION "1.3"
| #define PACKAGE_STRING "libmpsse 1.3"
| #define PACKAGE_BUGREPORT "http://libmpsse.googlecode.com"
| #define PACKAGE_URL ""
| #define STDC_HEADERS 1
| #define HAVE_SYS_TYPES_H 1
| #define HAVE_SYS_STAT_H 1
| #define HAVE_STDLIB_H 1
| #define HAVE_STRING_H 1
| #define HAVE_MEMORY_H 1
| #define HAVE_STRINGS_H 1
| #define HAVE_INTTYPES_H 1
| #define HAVE_STDINT_H 1
| #define HAVE_UNISTD_H 1
| #define HAVE_STDLIB_H 1
| #define HAVE_MALLOC 1
| /* end confdefs.h.  */
| #include <stdio.h>
| #ifdef HAVE_SYS_TYPES_H
| # include <sys/types.h>
| #endif
| #ifdef HAVE_SYS_STAT_H
| # include <sys/stat.h>
| #endif
| #ifdef STDC_HEADERS
| # include <stdlib.h>
| # include <stddef.h>
| #else
| # ifdef HAVE_STDLIB_H
| #  include <stdlib.h>
| # endif
| #endif
| #ifdef HAVE_STRING_H
| # if !defined STDC_HEADERS && defined HAVE_MEMORY_H
| #  include <memory.h>
| # endif
| # include <string.h>
| #endif
| #ifdef HAVE_STRINGS_H
| # include <strings.h>
| #endif
| #ifdef HAVE_INTTYPES_H
| # include <inttypes.h>
| #endif
| #ifdef HAVE_STDINT_H
| # include <stdint.h>
| #endif
| #ifdef HAVE_UNISTD_H
| # include <unistd.h>
| #endif
| #include <libftdi1/ftdi.h>
configure:3355: result: no
configure:3355: checking libftdi1/ftdi.h presence
configure:3355: gcc -E  conftest.c
conftest.c:21:27: fatal error: libftdi1/ftdi.h: No such file or directory
 #include <libftdi1/ftdi.h>
                           ^
compilation terminated.
configure:3355: $? = 1
configure: failed program was:
| /* confdefs.h */
| #define PACKAGE_NAME "libmpsse"
| #define PACKAGE_TARNAME "libmpsse"
| #define PACKAGE_VERSION "1.3"
| #define PACKAGE_STRING "libmpsse 1.3"
| #define PACKAGE_BUGREPORT "http://libmpsse.googlecode.com"
| #define PACKAGE_URL ""
| #define STDC_HEADERS 1
| #define HAVE_SYS_TYPES_H 1
| #define HAVE_SYS_STAT_H 1
| #define HAVE_STDLIB_H 1
| #define HAVE_STRING_H 1
| #define HAVE_MEMORY_H 1
| #define HAVE_STRINGS_H 1
| #define HAVE_INTTYPES_H 1
| #define HAVE_STDINT_H 1
| #define HAVE_UNISTD_H 1
| #define HAVE_STDLIB_H 1
| #define HAVE_MALLOC 1
| /* end confdefs.h.  */
| #include <libftdi1/ftdi.h>
configure:3355: result: no
configure:3355: checking for libftdi1/ftdi.h
configure:3355: result: no
configure:3372: checking ftdi.h usability
configure:3372: gcc -c -Wall -fPIC -fno-strict-aliasing -g -O2  conftest.c >&5
configure:3372: $? = 0
configure:3372: result: yes
configure:3372: checking ftdi.h presence
configure:3372: gcc -E  conftest.c
configure:3372: $? = 0
configure:3372: result: yes
configure:3372: checking for ftdi.h
configure:3372: result: yes
configure:3384: checking for ftdi_init in -lftdi
configure:3409: gcc -o conftest -Wall -fPIC -fno-strict-aliasing -g -O2   conftest.c -lftdi   >&5
configure:3409: $? = 0
configure:3418: result: yes
configure:3504: checking /usr/include/python2.7/Python.h usability
configure:3504: gcc -c -Wall -fPIC -fno-strict-aliasing -g -O2  conftest.c >&5
In file included from /usr/include/python2.7/Python.h:8:0,
                 from conftest.c:56:
/usr/include/python2.7/pyconfig.h:1182:0: warning: "_POSIX_C_SOURCE" redefined [enabled by default]
 #define _POSIX_C_SOURCE 200112L
 ^
In file included from /usr/include/stdio.h:27:0,
                 from conftest.c:23:
/usr/include/features.h:225:0: note: this is the location of the previous definition
 # define _POSIX_C_SOURCE 200809L
 ^
configure:3504: $? = 0
configure:3504: result: yes
configure:3504: checking /usr/include/python2.7/Python.h presence
configure:3504: gcc -E  conftest.c
configure:3504: $? = 0
configure:3504: result: yes
configure:3504: checking for /usr/include/python2.7/Python.h
configure:3504: result: yes
configure:3698: creating ./config.status

## ---------------------- ##
## Running config.status. ##
## ---------------------- ##

This file was extended by libmpsse config.status 1.3, which was
generated by GNU Autoconf 2.65.  Invocation command line was

  CONFIG_FILES    = 
  CONFIG_HEADERS  = 
  CONFIG_LINKS    = 
  CONFIG_COMMANDS = 
  $ ./config.status 

on ssemGentoo

config.status:734: creating Makefile

## ---------------- ##
## Cache variables. ##
## ---------------- ##

ac_cv_c_compiler_gnu=yes
ac_cv_env_CC_set=
ac_cv_env_CC_value=
ac_cv_env_CFLAGS_set=
ac_cv_env_CFLAGS_value=
ac_cv_env_CPPFLAGS_set=
ac_cv_env_CPPFLAGS_value=
ac_cv_env_CPP_set=
ac_cv_env_CPP_value=
ac_cv_env_LDFLAGS_set=
ac_cv_env_LDFLAGS_value=
ac_cv_env_LIBS_set=
ac_cv_env_LIBS_value=
ac_cv_env_build_alias_set=
ac_cv_env_build_alias_value=
ac_cv_env_host_alias_set=
ac_cv_env_host_alias_value=
ac_cv_env_target_alias_set=
ac_cv_env_target_alias_value=
ac_cv_func_malloc_0_nonnull=yes
ac_cv_header__usr_include_python2_7_Python_h=yes
ac_cv_header_ftdi_h=yes
ac_cv_header_inttypes_h=yes
ac_cv_header_libftdi1_ftdi_h=no
ac_cv_header_memory_h=yes
ac_cv_header_stdc=yes
ac_cv_header_stdint_h=yes
ac_cv_header_stdlib_h=yes
ac_cv_header_string_h=yes
ac_cv_header_strings_h=yes
ac_cv_header_sys_stat_h=yes
ac_cv_header_sys_types_h=yes
ac_cv_header_unistd_h=yes
ac_cv_lib_ftdi_ftdi_init=yes
ac_cv_objext=o
ac_cv_path_EGREP='/bin/grep -E'
ac_cv_path_GREP=/bin/grep
ac_cv_prog_CPP='gcc -E'
ac_cv_prog_ac_ct_CC=gcc
ac_cv_prog_cc_c89=
ac_cv_prog_cc_g=yes
ac_cv_type_size_t=yes

## ----------------- ##
## Output variables. ##
## ----------------- ##

BUILD='swig'
CC='gcc'
CFLAGS='-Wall -fPIC -fno-strict-aliasing -g -O2'
CPP='gcc -E'
CPPFLAGS=''
DEFS='-DPACKAGE_NAME=\"libmpsse\" -DPACKAGE_TARNAME=\"libmpsse\" -DPACKAGE_VERSION=\"1.3\" -DPACKAGE_STRING=\"libmpsse\ 1.3\" -DPACKAGE_BUGREPORT=\"http://libmpsse.googlecode.com\" -DPACKAGE_URL=\"\" -DSTDC_HEADERS=1 -DHAVE_SYS_TYPES_H=1 -DHAVE_SYS_STAT_H=1 -DHAVE_STDLIB_H=1 -DHAVE_STRING_H=1 -DHAVE_MEMORY_H=1 -DHAVE_STRINGS_H=1 -DHAVE_INTTYPES_H=1 -DHAVE_STDINT_H=1 -DHAVE_UNISTD_H=1 -DHAVE_STDLIB_H=1 -DHAVE_MALLOC=1 -DHAVE_FTDI_H=1 -DHAVE_LIBFTDI=1 -DHAVE__USR_INCLUDE_PYTHON2_7_PYTHON_H=1'
ECHO_C=''
ECHO_N='-n'
ECHO_T=''
EGREP='/bin/grep -E'
EXEEXT=''
FRAMEWORK=''
GREP='/bin/grep'
LDFLAGS='-lftdi '
LIBFTDI1='0'
LIBOBJS=''
LIBS='-lftdi '
LTLIBOBJS=''
OBJEXT='o'
PACKAGE_BUGREPORT='http://libmpsse.googlecode.com'
PACKAGE_NAME='libmpsse'
PACKAGE_STRING='libmpsse 1.3'
PACKAGE_TARNAME='libmpsse'
PACKAGE_URL=''
PACKAGE_VERSION='1.3'
PATH_SEPARATOR=':'
PYDEV='/usr/include/python2.7'
PYLIB='/usr/lib64/python2.7/site-packages'
SHELL='/bin/sh'
SONAME='-soname'
SWIG='/usr/bin/swig'
ac_ct_CC='gcc'
bindir='${exec_prefix}/bin'
build_alias=''
datadir='${datarootdir}'
datarootdir='${prefix}/share'
docdir='${datarootdir}/doc/${PACKAGE_TARNAME}'
dvidir='${docdir}'
exec_prefix='${prefix}'
host_alias=''
htmldir='${docdir}'
includedir='${prefix}/include'
infodir='${datarootdir}/info'
libdir='${exec_prefix}/lib'
libexecdir='${exec_prefix}/libexec'
localedir='${datarootdir}/locale'
localstatedir='${prefix}/var'
mandir='${datarootdir}/man'
oldincludedir='/usr/include'
pdfdir='${docdir}'
prefix='/usr/local'
program_transform_name='s,x,x,'
psdir='${docdir}'
sbindir='${exec_prefix}/sbin'
sharedstatedir='${prefix}/com'
sysconfdir='${prefix}/etc'
target_alias=''

## ----------- ##
## confdefs.h. ##
## ----------- ##

/* confdefs.h */
#define PACKAGE_NAME "libmpsse"
#define PACKAGE_TARNAME "libmpsse"
#define PACKAGE_VERSION "1.3"
#define PACKAGE_STRING "libmpsse 1.3"
#define PACKAGE_BUGREPORT "http://libmpsse.googlecode.com"
#define PACKAGE_URL ""
#define STDC_HEADERS 1
#define HAVE_SYS_TYPES_H 1
#define HAVE_SYS_STAT_H 1
#define HAVE_STDLIB_H 1
#define HAVE_STRING_H 1
#define HAVE_MEMORY_H 1
#define HAVE_STRINGS_H 1
#define HAVE_INTTYPES_H 1
#define HAVE_STDINT_H 1
#define HAVE_UNISTD_H 1
#define HAVE_STDLIB_H 1
#define HAVE_MALLOC 1
#define HAVE_FTDI_H 1
#define HAVE_LIBFTDI 1
#define HAVE__USR_INCLUDE_PYTHON2_7_PYTHON_H 1

configure: exit 0
